<?xml version="1.0" encoding="UTF-8"?>
<testsuite xmlns:xsi="http://www.w3.org/2001/XMLSchema-instance" xsi:noNamespaceSchemaLocation="https://maven.apache.org/surefire/maven-surefire-plugin/xsd/surefire-test-report-3.0.xsd" version="3.0" name="ie.gmit.exam.EmployeeTest" time="0.027" tests="9" errors="0" skipped="0" failures="0">
  <properties>
[...]
</properties>
  <testcase name="testConstructorName" classname="ie.gmit.exam.EmployeeTest" time="0.001"/>
  <testcase name="testConstructorPhone" classname="ie.gmit.exam.EmployeeTest" time="0.002"/>
  <testcase name="testConstructorPhoneFail" classname="ie.gmit.exam.EmployeeTest" time="0.002"/>
  <testcase name="testConstructorIDFail" classname="ie.gmit.exam.EmployeeTest" time="0.001"/>
  <testcase name="testConstructorAgeFail" classname="ie.gmit.exam.EmployeeTest" time="0.003"/>
  <testcase name="testConstructorID" classname="ie.gmit.exam.EmployeeTest" time="0.001"/>
  <testcase name="testConstructorAge" classname="ie.gmit.exam.EmployeeTest" time="0.001"/>
  <testcase name="testConstructorNameFail2" classname="ie.gmit.exam.EmployeeTest" time="0.002"/>
  <testcase name="testConstructorNameFail" classname="ie.gmit.exam.EmployeeTest" time="0.002"/>
</testsuite>